[      78ms] [INFO] %cDownload the React DevTools for a better development experience: https://reactjs.org/link/react-devtools font-weight:bold @ http://localhost:5173/node_modules/.vite/deps/chunk-KDCVS43I.js?v=d933a970:21608
[     112ms] [ERROR] Failed to load resource: the server responded with a status of 500 (Internal Server Error) @ http://localhost:5173/api/health:0
[     112ms] [LOG] App mode: direct @ http://localhost:5173/src/App.tsx:58
[     120ms] [ERROR] Failed to load resource: the server responded with a status of 500 (Internal Server Error) @ http://localhost:5173/api/health:0
[     120ms] [LOG] App mode: direct @ http://localhost:5173/src/App.tsx:58
[    1745ms] [ERROR] Access to fetch at 'https://worldcup26.ir/get/teams' from origin 'http://localhost:5173' has been blocked by CORS policy: No 'Access-Control-Allow-Origin' header is present on the requested resource. @ http://localhost:5173/:0
[    1745ms] [ERROR] Failed to load resource: net::ERR_FAILED @ https://worldcup26.ir/get/teams:0
[    1766ms] [ERROR] Warning: findDOMNode is deprecated and will be removed in the next major release. Instead, add a ref directly to the element you want to reference. Learn more about using refs safely here: https://reactjs.org/link/strict-mode-find-node%s 
    at ReactResizeObserver (http://localhost:5173/node_modules/.vite/deps/@douyinfe_semi-ui.js?v=d933a970:40077:5)
    at Base (http://localhost:5173/node_modules/.vite/deps/@douyinfe_semi-ui.js?v=d933a970:40249:5)
    at Title (http://localhost:5173/node_modules/.vite/deps/@douyinfe_semi-ui.js?v=d933a970:40884:13)
    at div
    at div
    at div
    at div
    at Card (http://localhost:5173/node_modules/.vite/deps/@douyinfe_semi-ui.js?v=d933a970:48859:5)
    at Leaderboard (http://localhost:5173/src/components/Leaderboard.tsx:51:31)
    at div
    at CSSAnimation (http://localhost:5173/node_modules/.vite/deps/@douyinfe_semi-ui.js?v=d933a970:38011:5)
    at div
    at TabPane (http://localhost:5173/node_modules/.vite/deps/@douyinfe_semi-ui.js?v=d933a970:93418:5)
    at div
    at div
    at Tabs (http://localhost:5173/node_modules/.vite/deps/@douyinfe_semi-ui.js?v=d933a970:93537:5)
    at main
    at Basic (http://localhost:5173/node_modules/.vite/deps/@douyinfe_semi-ui.js?v=d933a970:71461:13)
    at Adapter (http://localhost:5173/node_modules/.vite/deps/@douyinfe_semi-ui.js?v=d933a970:71450:30)
    at section
    at Layout (http://localhost:5173/node_modules/.vite/deps/@douyinfe_semi-ui.js?v=d933a970:71489:5)
    at App (http://localhost:5173/src/App.tsx:48:27)
    at LocaleProvider (http://localhost:5173/node_modules/.vite/deps/@douyinfe_semi-ui.js?v=d933a970:105131:5) @ http://localhost:5173/node_modules/.vite/deps/chunk-KDCVS43I.js?v=d933a970:520
[    1766ms] [ERROR] Warning: %s is deprecated in StrictMode. %s was passed an instance of %s which is inside StrictMode. Instead, add a ref directly to the element you want to reference. Learn more about using refs safely here: https://reactjs.org/link/strict-mode-find-node%s findDOMNode findDOMNode ReactResizeObserver 
    at h6
    at Typography (http://localhost:5173/node_modules/.vite/deps/@douyinfe_semi-ui.js?v=d933a970:36129:18)
    at LocaleConsumer (http://localhost:5173/node_modules/.vite/deps/@douyinfe_semi-ui.js?v=d933a970:39114:22)
    at ReactResizeObserver (http://localhost:5173/node_modules/.vite/deps/@douyinfe_semi-ui.js?v=d933a970:40077:5)
    at Base (http://localhost:5173/node_modules/.vite/deps/@douyinfe_semi-ui.js?v=d933a970:40249:5)
    at Title (http://localhost:5173/node_modules/.vite/deps/@douyinfe_semi-ui.js?v=d933a970:40884:13)
    at div
    at div
    at div
    at div
    at Card (http://localhost:5173/node_modules/.vite/deps/@douyinfe_semi-ui.js?v=d933a970:48859:5)
    at Leaderboard (http://localhost:5173/src/components/Leaderboard.tsx:51:31)
    at div
    at CSSAnimation (http://localhost:5173/node_modules/.vite/deps/@douyinfe_semi-ui.js?v=d933a970:38011:5)
    at div
    at TabPane (http://localhost:5173/node_modules/.vite/deps/@douyinfe_semi-ui.js?v=d933a970:93418:5)
    at div
    at div
    at Tabs (http://localhost:5173/node_modules/.vite/deps/@douyinfe_semi-ui.js?v=d933a970:93537:5)
    at main
    at Basic (http://localhost:5173/node_modules/.vite/deps/@douyinfe_semi-ui.js?v=d933a970:71461:13)
    at Adapter (http://localhost:5173/node_modules/.vite/deps/@douyinfe_semi-ui.js?v=d933a970:71450:30)
    at section
    at Layout (http://localhost:5173/node_modules/.vite/deps/@douyinfe_semi-ui.js?v=d933a970:71489:5)
    at App (http://localhost:5173/src/App.tsx:48:27)
    at LocaleProvider (http://localhost:5173/node_modules/.vite/deps/@douyinfe_semi-ui.js?v=d933a970:105131:5) @ http://localhost:5173/node_modules/.vite/deps/chunk-KDCVS43I.js?v=d933a970:520
[    2236ms] [ERROR] Access to fetch at 'https://worldcup26.ir/get/teams' from origin 'http://localhost:5173' has been blocked by CORS policy: No 'Access-Control-Allow-Origin' header is present on the requested resource. @ http://localhost:5173/:0
[    2236ms] [ERROR] Failed to load resource: net::ERR_FAILED @ https://worldcup26.ir/get/teams:0
[   30600ms] [ERROR] Access to fetch at 'https://worldcup26.ir/get/teams' from origin 'http://localhost:5173' has been blocked by CORS policy: No 'Access-Control-Allow-Origin' header is present on the requested resource. @ http://localhost:5173/:0
[   30601ms] [ERROR] Failed to load resource: net::ERR_FAILED @ https://worldcup26.ir/get/teams:0
[   60604ms] [ERROR] Access to fetch at 'https://worldcup26.ir/get/teams' from origin 'http://localhost:5173' has been blocked by CORS policy: No 'Access-Control-Allow-Origin' header is present on the requested resource. @ http://localhost:5173/:0
[   60604ms] [ERROR] Failed to load resource: net::ERR_FAILED @ https://worldcup26.ir/get/teams:0
[   82527ms] [ERROR] Failed to load resource: the server responded with a status of 500 (Internal Server Error) @ http://localhost:5173/api/health:0
[   82527ms] [LOG] App mode: direct @ http://localhost:5173/src/App.tsx?t=1781197456940:58
[   83009ms] [ERROR] Access to fetch at 'https://worldcup26.ir/get/teams' from origin 'http://localhost:5173' has been blocked by CORS policy: No 'Access-Control-Allow-Origin' header is present on the requested resource. @ http://localhost:5173/:0
[   83009ms] [ERROR] Failed to load resource: net::ERR_FAILED @ https://worldcup26.ir/get/teams:0
[   95999ms] [ERROR] Failed to load resource: the server responded with a status of 500 (Internal Server Error) @ http://localhost:5173/api/health:0
[   95999ms] [LOG] App mode: direct @ http://localhost:5173/src/App.tsx?t=1781197470419:58
[   96487ms] [ERROR] Access to fetch at 'https://worldcup26.ir/get/teams' from origin 'http://localhost:5173' has been blocked by CORS policy: No 'Access-Control-Allow-Origin' header is present on the requested resource. @ http://localhost:5173/:0
[   96487ms] [ERROR] Failed to load resource: net::ERR_FAILED @ https://worldcup26.ir/get/teams:0
[   99184ms] [ERROR] Access to fetch at 'https://worldcup26.ir/get/groups' from origin 'http://localhost:5173' has been blocked by CORS policy: No 'Access-Control-Allow-Origin' header is present on the requested resource. @ http://localhost:5173/:0
[   99184ms] [ERROR] Failed to load resource: net::ERR_FAILED @ https://worldcup26.ir/get/groups:0
[  109081ms] [ERROR] Failed to load resource: the server responded with a status of 500 (Internal Server Error) @ http://localhost:5173/api/health:0
[  109081ms] [LOG] App mode: direct @ http://localhost:5173/src/App.tsx?t=1781197483500:58
[  109562ms] [ERROR] Access to fetch at 'https://worldcup26.ir/get/teams' from origin 'http://localhost:5173' has been blocked by CORS policy: No 'Access-Control-Allow-Origin' header is present on the requested resource. @ http://localhost:5173/:0
[  109562ms] [ERROR] Failed to load resource: net::ERR_FAILED @ https://worldcup26.ir/get/teams:0
[  110029ms] [ERROR] Access to fetch at 'https://worldcup26.ir/get/groups' from origin 'http://localhost:5173' has been blocked by CORS policy: No 'Access-Control-Allow-Origin' header is present on the requested resource. @ http://localhost:5173/:0
[  110029ms] [ERROR] Failed to load resource: net::ERR_FAILED @ https://worldcup26.ir/get/groups:0
[  110581ms] [ERROR] Warning: Each child in a list should have a unique "key" prop.%s%s See https://reactjs.org/link/warning-keys for more information.%s 

Check the render method of `AllScoresView`.  
    at CollapsePanel (http://localhost:5173/node_modules/.vite/deps/@douyinfe_semi-ui.js?v=d933a970:60921:5)
    at AllScoresView (http://localhost:5173/src/components/AllScores.tsx:21:33)
    at div
    at CSSAnimation (http://localhost:5173/node_modules/.vite/deps/@douyinfe_semi-ui.js?v=d933a970:38011:5)
    at div
    at TabPane (http://localhost:5173/node_modules/.vite/deps/@douyinfe_semi-ui.js?v=d933a970:93418:5)
    at div
    at div
    at Tabs (http://localhost:5173/node_modules/.vite/deps/@douyinfe_semi-ui.js?v=d933a970:93537:5)
    at main
    at Basic (http://localhost:5173/node_modules/.vite/deps/@douyinfe_semi-ui.js?v=d933a970:71461:13)
    at Adapter (http://localhost:5173/node_modules/.vite/deps/@douyinfe_semi-ui.js?v=d933a970:71450:30)
    at section
    at Layout (http://localhost:5173/node_modules/.vite/deps/@douyinfe_semi-ui.js?v=d933a970:71489:5)
    at App (http://localhost:5173/src/App.tsx?t=1781197483500:48:27)
    at LocaleProvider (http://localhost:5173/node_modules/.vite/deps/@douyinfe_semi-ui.js?v=d933a970:105131:5) @ http://localhost:5173/node_modules/.vite/deps/react_jsx-dev-runtime.js?v=d933a970:63
[  135564ms] [LOG] App mode: direct @ http://localhost:5173/src/App.tsx?t=1781197509936:58
[  136030ms] [ERROR] Access to fetch at 'https://worldcup26.ir/get/groups' from origin 'http://localhost:5173' has been blocked by CORS policy: No 'Access-Control-Allow-Origin' header is present on the requested resource. @ http://localhost:5173/:0
[  136030ms] [ERROR] Failed to load resource: net::ERR_FAILED @ https://worldcup26.ir/get/groups:0
