[     184ms] [INFO] %cDownload the React DevTools for a better development experience: https://reactjs.org/link/react-devtools font-weight:bold @ http://localhost:5173/node_modules/.vite/deps/chunk-KDCVS43I.js?v=d933a970:21608
[     216ms] [ERROR] Failed to load resource: the server responded with a status of 500 (Internal Server Error) @ http://localhost:5173/api/health:0
[     216ms] [LOG] App mode: direct @ http://localhost:5173/src/App.tsx?t=1781197509936:58
[     218ms] [ERROR] Failed to load resource: the server responded with a status of 500 (Internal Server Error) @ http://localhost:5173/api/health:0
[     218ms] [LOG] App mode: direct @ http://localhost:5173/src/App.tsx?t=1781197509936:58
[     705ms] [ERROR] Access to fetch at 'https://worldcup26.ir/get/teams' from origin 'http://localhost:5173' has been blocked by CORS policy: No 'Access-Control-Allow-Origin' header is present on the requested resource. @ http://localhost:5173/:0
[     705ms] [ERROR] Failed to load resource: net::ERR_FAILED @ https://worldcup26.ir/get/teams:0
[    1187ms] [ERROR] Access to fetch at 'https://worldcup26.ir/get/teams' from origin 'http://localhost:5173' has been blocked by CORS policy: No 'Access-Control-Allow-Origin' header is present on the requested resource. @ http://localhost:5173/:0
[    1188ms] [ERROR] Failed to load resource: net::ERR_FAILED @ https://worldcup26.ir/get/teams:0
[    1661ms] [ERROR] Access to fetch at 'https://worldcup26.ir/get/groups' from origin 'http://localhost:5173' has been blocked by CORS policy: No 'Access-Control-Allow-Origin' header is present on the requested resource. @ http://localhost:5173/:0
[    1661ms] [ERROR] Failed to load resource: net::ERR_FAILED @ https://worldcup26.ir/get/groups:0
[    1704ms] [ERROR] Warning: Each child in a list should have a unique "key" prop.%s%s See https://reactjs.org/link/warning-keys for more information.%s 

Check the render method of `AllScoresView`.  
    at CollapsePanel (http://localhost:5173/node_modules/.vite/deps/@douyinfe_semi-ui.js?v=d933a970:60921:5)
    at AllScoresView (http://localhost:5173/src/components/AllScores.tsx:21:33)
    at div
    at CSSAnimation (http://localhost:5173/node_modules/.vite/deps/@douyinfe_semi-ui.js?v=d933a970:38011:5)
    at div
    at TabPane (http://localhost:5173/node_modules/.vite/deps/@douyinfe_semi-ui.js?v=d933a970:93418:5)
    at div
    at div
    at Tabs (http://localhost:5173/node_modules/.vite/deps/@douyinfe_semi-ui.js?v=d933a970:93537:5)
    at main
    at Basic (http://localhost:5173/node_modules/.vite/deps/@douyinfe_semi-ui.js?v=d933a970:71461:13)
    at Adapter (http://localhost:5173/node_modules/.vite/deps/@douyinfe_semi-ui.js?v=d933a970:71450:30)
    at section
    at Layout (http://localhost:5173/node_modules/.vite/deps/@douyinfe_semi-ui.js?v=d933a970:71489:5)
    at App (http://localhost:5173/src/App.tsx?t=1781197509936:48:27)
    at LocaleProvider (http://localhost:5173/node_modules/.vite/deps/@douyinfe_semi-ui.js?v=d933a970:105131:5) @ http://localhost:5173/node_modules/.vite/deps/react_jsx-dev-runtime.js?v=d933a970:63
[    1710ms] [ERROR] Warning: findDOMNode is deprecated and will be removed in the next major release. Instead, add a ref directly to the element you want to reference. Learn more about using refs safely here: https://reactjs.org/link/strict-mode-find-node%s 
    at ReactResizeObserver (http://localhost:5173/node_modules/.vite/deps/@douyinfe_semi-ui.js?v=d933a970:40077:5)
    at Base (http://localhost:5173/node_modules/.vite/deps/@douyinfe_semi-ui.js?v=d933a970:40249:5)
    at Title (http://localhost:5173/node_modules/.vite/deps/@douyinfe_semi-ui.js?v=d933a970:40884:13)
    at div
    at div
    at div
    at div
    at Card (http://localhost:5173/node_modules/.vite/deps/@douyinfe_semi-ui.js?v=d933a970:48859:5)
    at Leaderboard (http://localhost:5173/src/components/Leaderboard.tsx:51:31)
    at div
    at CSSAnimation (http://localhost:5173/node_modules/.vite/deps/@douyinfe_semi-ui.js?v=d933a970:38011:5)
    at div
    at TabPane (http://localhost:5173/node_modules/.vite/deps/@douyinfe_semi-ui.js?v=d933a970:93418:5)
    at div
    at div
    at Tabs (http://localhost:5173/node_modules/.vite/deps/@douyinfe_semi-ui.js?v=d933a970:93537:5)
    at main
    at Basic (http://localhost:5173/node_modules/.vite/deps/@douyinfe_semi-ui.js?v=d933a970:71461:13)
    at Adapter (http://localhost:5173/node_modules/.vite/deps/@douyinfe_semi-ui.js?v=d933a970:71450:30)
    at section
    at Layout (http://localhost:5173/node_modules/.vite/deps/@douyinfe_semi-ui.js?v=d933a970:71489:5)
    at App (http://localhost:5173/src/App.tsx?t=1781197509936:48:27)
    at LocaleProvider (http://localhost:5173/node_modules/.vite/deps/@douyinfe_semi-ui.js?v=d933a970:105131:5) @ http://localhost:5173/node_modules/.vite/deps/chunk-KDCVS43I.js?v=d933a970:520
[    1710ms] [ERROR] Warning: %s is deprecated in StrictMode. %s was passed an instance of %s which is inside StrictMode. Instead, add a ref directly to the element you want to reference. Learn more about using refs safely here: https://reactjs.org/link/strict-mode-find-node%s findDOMNode findDOMNode ReactResizeObserver 
    at h6
    at Typography (http://localhost:5173/node_modules/.vite/deps/@douyinfe_semi-ui.js?v=d933a970:36129:18)
    at LocaleConsumer (http://localhost:5173/node_modules/.vite/deps/@douyinfe_semi-ui.js?v=d933a970:39114:22)
    at ReactResizeObserver (http://localhost:5173/node_modules/.vite/deps/@douyinfe_semi-ui.js?v=d933a970:40077:5)
    at Base (http://localhost:5173/node_modules/.vite/deps/@douyinfe_semi-ui.js?v=d933a970:40249:5)
    at Title (http://localhost:5173/node_modules/.vite/deps/@douyinfe_semi-ui.js?v=d933a970:40884:13)
    at div
    at div
    at div
    at div
    at Card (http://localhost:5173/node_modules/.vite/deps/@douyinfe_semi-ui.js?v=d933a970:48859:5)
    at Leaderboard (http://localhost:5173/src/components/Leaderboard.tsx:51:31)
    at div
    at CSSAnimation (http://localhost:5173/node_modules/.vite/deps/@douyinfe_semi-ui.js?v=d933a970:38011:5)
    at div
    at TabPane (http://localhost:5173/node_modules/.vite/deps/@douyinfe_semi-ui.js?v=d933a970:93418:5)
    at div
    at div
    at Tabs (http://localhost:5173/node_modules/.vite/deps/@douyinfe_semi-ui.js?v=d933a970:93537:5)
    at main
    at Basic (http://localhost:5173/node_modules/.vite/deps/@douyinfe_semi-ui.js?v=d933a970:71461:13)
    at Adapter (http://localhost:5173/node_modules/.vite/deps/@douyinfe_semi-ui.js?v=d933a970:71450:30)
    at section
    at Layout (http://localhost:5173/node_modules/.vite/deps/@douyinfe_semi-ui.js?v=d933a970:71489:5)
    at App (http://localhost:5173/src/App.tsx?t=1781197509936:48:27)
    at LocaleProvider (http://localhost:5173/node_modules/.vite/deps/@douyinfe_semi-ui.js?v=d933a970:105131:5) @ http://localhost:5173/node_modules/.vite/deps/chunk-KDCVS43I.js?v=d933a970:520
[    2129ms] [ERROR] Access to fetch at 'https://worldcup26.ir/get/groups' from origin 'http://localhost:5173' has been blocked by CORS policy: No 'Access-Control-Allow-Origin' header is present on the requested resource. @ http://localhost:5173/:0
[    2129ms] [ERROR] Failed to load resource: net::ERR_FAILED @ https://worldcup26.ir/get/groups:0
[   30682ms] [ERROR] Access to fetch at 'https://worldcup26.ir/get/groups' from origin 'http://localhost:5173' has been blocked by CORS policy: No 'Access-Control-Allow-Origin' header is present on the requested resource. @ http://localhost:5173/:0
[   30682ms] [ERROR] Failed to load resource: net::ERR_FAILED @ https://worldcup26.ir/get/groups:0
[   60694ms] [ERROR] Access to fetch at 'https://worldcup26.ir/get/groups' from origin 'http://localhost:5173' has been blocked by CORS policy: No 'Access-Control-Allow-Origin' header is present on the requested resource. @ http://localhost:5173/:0
[   60694ms] [ERROR] Failed to load resource: net::ERR_FAILED @ https://worldcup26.ir/get/groups:0
[   73386ms] [ERROR] Access to fetch at 'https://worldcup26.ir/get/groups' from origin 'http://localhost:5173' has been blocked by CORS policy: No 'Access-Control-Allow-Origin' header is present on the requested resource. @ http://localhost:5173/:0
[   73386ms] [ERROR] Failed to load resource: net::ERR_FAILED @ https://worldcup26.ir/get/groups:0
[   90687ms] [ERROR] Access to fetch at 'https://worldcup26.ir/get/groups' from origin 'http://localhost:5173' has been blocked by CORS policy: No 'Access-Control-Allow-Origin' header is present on the requested resource. @ http://localhost:5173/:0
[   90687ms] [ERROR] Failed to load resource: net::ERR_FAILED @ https://worldcup26.ir/get/groups:0
[  120692ms] [ERROR] Access to fetch at 'https://worldcup26.ir/get/groups' from origin 'http://localhost:5173' has been blocked by CORS policy: No 'Access-Control-Allow-Origin' header is present on the requested resource. @ http://localhost:5173/:0
[  120692ms] [ERROR] Failed to load resource: net::ERR_FAILED @ https://worldcup26.ir/get/groups:0
[  132837ms] [ERROR] Access to fetch at 'https://worldcup26.ir/get/groups' from origin 'http://localhost:5173' has been blocked by CORS policy: No 'Access-Control-Allow-Origin' header is present on the requested resource. @ http://localhost:5173/:0
[  132837ms] [ERROR] Failed to load resource: net::ERR_FAILED @ https://worldcup26.ir/get/groups:0
[  150693ms] [ERROR] Access to fetch at 'https://worldcup26.ir/get/groups' from origin 'http://localhost:5173' has been blocked by CORS policy: No 'Access-Control-Allow-Origin' header is present on the requested resource. @ http://localhost:5173/:0
[  150693ms] [ERROR] Failed to load resource: net::ERR_FAILED @ https://worldcup26.ir/get/groups:0
[  151305ms] [LOG] [vite] server connection lost. Polling for restart... @ http://localhost:5173/@vite/client:963
[  151306ms] [ERROR] WebSocket connection to 'ws://localhost:5173/' failed: Error in connection establishment: net::ERR_CONNECTION_REFUSED @ http://localhost:5173/@vite/client:1034
[  153767ms] [INFO] %cDownload the React DevTools for a better development experience: https://reactjs.org/link/react-devtools font-weight:bold @ http://localhost:5173/node_modules/.vite/deps/chunk-KDCVS43I.js?v=d933a970:21608
[  153809ms] [ERROR] Failed to load resource: the server responded with a status of 500 (Internal Server Error) @ http://localhost:5173/api/health:0
[  153809ms] [LOG] App mode: direct @ http://localhost:5173/src/App.tsx:58
[  153811ms] [ERROR] Failed to load resource: the server responded with a status of 500 (Internal Server Error) @ http://localhost:5173/api/health:0
[  153811ms] [LOG] App mode: direct @ http://localhost:5173/src/App.tsx:58
[  154284ms] [ERROR] Access to fetch at 'https://worldcup26.ir/get/teams' from origin 'http://localhost:5173' has been blocked by CORS policy: No 'Access-Control-Allow-Origin' header is present on the requested resource. @ http://localhost:5173/:0
[  154284ms] [ERROR] Failed to load resource: net::ERR_FAILED @ https://worldcup26.ir/get/teams:0
[  154767ms] [ERROR] Access to fetch at 'https://worldcup26.ir/get/teams' from origin 'http://localhost:5173' has been blocked by CORS policy: No 'Access-Control-Allow-Origin' header is present on the requested resource. @ http://localhost:5173/:0
[  154767ms] [ERROR] Failed to load resource: net::ERR_FAILED @ https://worldcup26.ir/get/teams:0
[  155258ms] [ERROR] Access to fetch at 'https://worldcup26.ir/get/groups' from origin 'http://localhost:5173' has been blocked by CORS policy: No 'Access-Control-Allow-Origin' header is present on the requested resource. @ http://localhost:5173/:0
[  155258ms] [ERROR] Failed to load resource: net::ERR_FAILED @ https://worldcup26.ir/get/groups:0
[  155301ms] [ERROR] Warning: Each child in a list should have a unique "key" prop.%s%s See https://reactjs.org/link/warning-keys for more information.%s 

Check the render method of `AllScoresView`.  
    at CollapsePanel (http://localhost:5173/node_modules/.vite/deps/@douyinfe_semi-ui.js?v=d933a970:60921:5)
    at AllScoresView (http://localhost:5173/src/components/AllScores.tsx:21:33)
    at div
    at CSSAnimation (http://localhost:5173/node_modules/.vite/deps/@douyinfe_semi-ui.js?v=d933a970:38011:5)
    at div
    at TabPane (http://localhost:5173/node_modules/.vite/deps/@douyinfe_semi-ui.js?v=d933a970:93418:5)
    at div
    at div
    at Tabs (http://localhost:5173/node_modules/.vite/deps/@douyinfe_semi-ui.js?v=d933a970:93537:5)
    at main
    at Basic (http://localhost:5173/node_modules/.vite/deps/@douyinfe_semi-ui.js?v=d933a970:71461:13)
    at Adapter (http://localhost:5173/node_modules/.vite/deps/@douyinfe_semi-ui.js?v=d933a970:71450:30)
    at section
    at Layout (http://localhost:5173/node_modules/.vite/deps/@douyinfe_semi-ui.js?v=d933a970:71489:5)
    at App (http://localhost:5173/src/App.tsx:48:27)
    at LocaleProvider (http://localhost:5173/node_modules/.vite/deps/@douyinfe_semi-ui.js?v=d933a970:105131:5) @ http://localhost:5173/node_modules/.vite/deps/react_jsx-dev-runtime.js?v=d933a970:63
[  155307ms] [ERROR] Warning: findDOMNode is deprecated and will be removed in the next major release. Instead, add a ref directly to the element you want to reference. Learn more about using refs safely here: https://reactjs.org/link/strict-mode-find-node%s 
    at ReactResizeObserver (http://localhost:5173/node_modules/.vite/deps/@douyinfe_semi-ui.js?v=d933a970:40077:5)
    at Base (http://localhost:5173/node_modules/.vite/deps/@douyinfe_semi-ui.js?v=d933a970:40249:5)
    at Title (http://localhost:5173/node_modules/.vite/deps/@douyinfe_semi-ui.js?v=d933a970:40884:13)
    at div
    at div
    at div
    at div
    at Card (http://localhost:5173/node_modules/.vite/deps/@douyinfe_semi-ui.js?v=d933a970:48859:5)
    at Leaderboard (http://localhost:5173/src/components/Leaderboard.tsx:51:31)
    at div
    at CSSAnimation (http://localhost:5173/node_modules/.vite/deps/@douyinfe_semi-ui.js?v=d933a970:38011:5)
    at div
    at TabPane (http://localhost:5173/node_modules/.vite/deps/@douyinfe_semi-ui.js?v=d933a970:93418:5)
    at div
    at div
    at Tabs (http://localhost:5173/node_modules/.vite/deps/@douyinfe_semi-ui.js?v=d933a970:93537:5)
    at main
    at Basic (http://localhost:5173/node_modules/.vite/deps/@douyinfe_semi-ui.js?v=d933a970:71461:13)
    at Adapter (http://localhost:5173/node_modules/.vite/deps/@douyinfe_semi-ui.js?v=d933a970:71450:30)
    at section
    at Layout (http://localhost:5173/node_modules/.vite/deps/@douyinfe_semi-ui.js?v=d933a970:71489:5)
    at App (http://localhost:5173/src/App.tsx:48:27)
    at LocaleProvider (http://localhost:5173/node_modules/.vite/deps/@douyinfe_semi-ui.js?v=d933a970:105131:5) @ http://localhost:5173/node_modules/.vite/deps/chunk-KDCVS43I.js?v=d933a970:520
[  155307ms] [ERROR] Warning: %s is deprecated in StrictMode. %s was passed an instance of %s which is inside StrictMode. Instead, add a ref directly to the element you want to reference. Learn more about using refs safely here: https://reactjs.org/link/strict-mode-find-node%s findDOMNode findDOMNode ReactResizeObserver 
    at h6
    at Typography (http://localhost:5173/node_modules/.vite/deps/@douyinfe_semi-ui.js?v=d933a970:36129:18)
    at LocaleConsumer (http://localhost:5173/node_modules/.vite/deps/@douyinfe_semi-ui.js?v=d933a970:39114:22)
    at ReactResizeObserver (http://localhost:5173/node_modules/.vite/deps/@douyinfe_semi-ui.js?v=d933a970:40077:5)
    at Base (http://localhost:5173/node_modules/.vite/deps/@douyinfe_semi-ui.js?v=d933a970:40249:5)
    at Title (http://localhost:5173/node_modules/.vite/deps/@douyinfe_semi-ui.js?v=d933a970:40884:13)
    at div
    at div
    at div
    at div
    at Card (http://localhost:5173/node_modules/.vite/deps/@douyinfe_semi-ui.js?v=d933a970:48859:5)
    at Leaderboard (http://localhost:5173/src/components/Leaderboard.tsx:51:31)
    at div
    at CSSAnimation (http://localhost:5173/node_modules/.vite/deps/@douyinfe_semi-ui.js?v=d933a970:38011:5)
    at div
    at TabPane (http://localhost:5173/node_modules/.vite/deps/@douyinfe_semi-ui.js?v=d933a970:93418:5)
    at div
    at div
    at Tabs (http://localhost:5173/node_modules/.vite/deps/@douyinfe_semi-ui.js?v=d933a970:93537:5)
    at main
    at Basic (http://localhost:5173/node_modules/.vite/deps/@douyinfe_semi-ui.js?v=d933a970:71461:13)
    at Adapter (http://localhost:5173/node_modules/.vite/deps/@douyinfe_semi-ui.js?v=d933a970:71450:30)
    at section
    at Layout (http://localhost:5173/node_modules/.vite/deps/@douyinfe_semi-ui.js?v=d933a970:71489:5)
    at App (http://localhost:5173/src/App.tsx:48:27)
    at LocaleProvider (http://localhost:5173/node_modules/.vite/deps/@douyinfe_semi-ui.js?v=d933a970:105131:5) @ http://localhost:5173/node_modules/.vite/deps/chunk-KDCVS43I.js?v=d933a970:520
[  155749ms] [ERROR] Access to fetch at 'https://worldcup26.ir/get/groups' from origin 'http://localhost:5173' has been blocked by CORS policy: No 'Access-Control-Allow-Origin' header is present on the requested resource. @ http://localhost:5173/:0
[  155749ms] [ERROR] Failed to load resource: net::ERR_FAILED @ https://worldcup26.ir/get/groups:0
[  184302ms] [ERROR] Access to fetch at 'https://worldcup26.ir/get/groups' from origin 'http://localhost:5173' has been blocked by CORS policy: No 'Access-Control-Allow-Origin' header is present on the requested resource. @ http://localhost:5173/:0
[  184303ms] [ERROR] Failed to load resource: net::ERR_FAILED @ https://worldcup26.ir/get/groups:0
[  214307ms] [ERROR] Access to fetch at 'https://worldcup26.ir/get/groups' from origin 'http://localhost:5173' has been blocked by CORS policy: No 'Access-Control-Allow-Origin' header is present on the requested resource. @ http://localhost:5173/:0
[  214307ms] [ERROR] Failed to load resource: net::ERR_FAILED @ https://worldcup26.ir/get/groups:0
[  244303ms] [ERROR] Access to fetch at 'https://worldcup26.ir/get/groups' from origin 'http://localhost:5173' has been blocked by CORS policy: No 'Access-Control-Allow-Origin' header is present on the requested resource. @ http://localhost:5173/:0
[  244303ms] [ERROR] Failed to load resource: net::ERR_FAILED @ https://worldcup26.ir/get/groups:0
[  274313ms] [ERROR] Access to fetch at 'https://worldcup26.ir/get/groups' from origin 'http://localhost:5173' has been blocked by CORS policy: No 'Access-Control-Allow-Origin' header is present on the requested resource. @ http://localhost:5173/:0
[  274313ms] [ERROR] Failed to load resource: net::ERR_FAILED @ https://worldcup26.ir/get/groups:0
[  304302ms] [ERROR] Access to fetch at 'https://worldcup26.ir/get/groups' from origin 'http://localhost:5173' has been blocked by CORS policy: No 'Access-Control-Allow-Origin' header is present on the requested resource. @ http://localhost:5173/:0
[  304302ms] [ERROR] Failed to load resource: net::ERR_FAILED @ https://worldcup26.ir/get/groups:0
[  334306ms] [ERROR] Access to fetch at 'https://worldcup26.ir/get/groups' from origin 'http://localhost:5173' has been blocked by CORS policy: No 'Access-Control-Allow-Origin' header is present on the requested resource. @ http://localhost:5173/:0
[  334306ms] [ERROR] Failed to load resource: net::ERR_FAILED @ https://worldcup26.ir/get/groups:0
[  364298ms] [ERROR] Access to fetch at 'https://worldcup26.ir/get/groups' from origin 'http://localhost:5173' has been blocked by CORS policy: No 'Access-Control-Allow-Origin' header is present on the requested resource. @ http://localhost:5173/:0
[  364299ms] [ERROR] Failed to load resource: net::ERR_FAILED @ https://worldcup26.ir/get/groups:0
[  394310ms] [ERROR] Access to fetch at 'https://worldcup26.ir/get/groups' from origin 'http://localhost:5173' has been blocked by CORS policy: No 'Access-Control-Allow-Origin' header is present on the requested resource. @ http://localhost:5173/:0
[  394311ms] [ERROR] Failed to load resource: net::ERR_FAILED @ https://worldcup26.ir/get/groups:0
[  424307ms] [ERROR] Access to fetch at 'https://worldcup26.ir/get/groups' from origin 'http://localhost:5173' has been blocked by CORS policy: No 'Access-Control-Allow-Origin' header is present on the requested resource. @ http://localhost:5173/:0
[  424307ms] [ERROR] Failed to load resource: net::ERR_FAILED @ https://worldcup26.ir/get/groups:0
[  454310ms] [ERROR] Access to fetch at 'https://worldcup26.ir/get/groups' from origin 'http://localhost:5173' has been blocked by CORS policy: No 'Access-Control-Allow-Origin' header is present on the requested resource. @ http://localhost:5173/:0
[  454310ms] [ERROR] Failed to load resource: net::ERR_FAILED @ https://worldcup26.ir/get/groups:0
[  484300ms] [ERROR] Access to fetch at 'https://worldcup26.ir/get/groups' from origin 'http://localhost:5173' has been blocked by CORS policy: No 'Access-Control-Allow-Origin' header is present on the requested resource. @ http://localhost:5173/:0
[  484300ms] [ERROR] Failed to load resource: net::ERR_FAILED @ https://worldcup26.ir/get/groups:0
[  514311ms] [ERROR] Access to fetch at 'https://worldcup26.ir/get/groups' from origin 'http://localhost:5173' has been blocked by CORS policy: No 'Access-Control-Allow-Origin' header is present on the requested resource. @ http://localhost:5173/:0
[  514311ms] [ERROR] Failed to load resource: net::ERR_FAILED @ https://worldcup26.ir/get/groups:0
[  544308ms] [ERROR] Access to fetch at 'https://worldcup26.ir/get/groups' from origin 'http://localhost:5173' has been blocked by CORS policy: No 'Access-Control-Allow-Origin' header is present on the requested resource. @ http://localhost:5173/:0
[  544308ms] [ERROR] Failed to load resource: net::ERR_FAILED @ https://worldcup26.ir/get/groups:0
[  574302ms] [ERROR] Access to fetch at 'https://worldcup26.ir/get/groups' from origin 'http://localhost:5173' has been blocked by CORS policy: No 'Access-Control-Allow-Origin' header is present on the requested resource. @ http://localhost:5173/:0
[  574302ms] [ERROR] Failed to load resource: net::ERR_FAILED @ https://worldcup26.ir/get/groups:0
[  604335ms] [ERROR] Access to fetch at 'https://worldcup26.ir/get/groups' from origin 'http://localhost:5173' has been blocked by CORS policy: No 'Access-Control-Allow-Origin' header is present on the requested resource. @ http://localhost:5173/:0
[  604336ms] [ERROR] Failed to load resource: net::ERR_FAILED @ https://worldcup26.ir/get/groups:0
[  634480ms] [ERROR] Access to fetch at 'https://worldcup26.ir/get/groups' from origin 'http://localhost:5173' has been blocked by CORS policy: No 'Access-Control-Allow-Origin' header is present on the requested resource. @ http://localhost:5173/:0
[  634480ms] [ERROR] Failed to load resource: net::ERR_FAILED @ https://worldcup26.ir/get/groups:0
[  664311ms] [ERROR] Access to fetch at 'https://worldcup26.ir/get/groups' from origin 'http://localhost:5173' has been blocked by CORS policy: No 'Access-Control-Allow-Origin' header is present on the requested resource. @ http://localhost:5173/:0
[  664311ms] [ERROR] Failed to load resource: net::ERR_FAILED @ https://worldcup26.ir/get/groups:0
[  694348ms] [ERROR] Access to fetch at 'https://worldcup26.ir/get/groups' from origin 'http://localhost:5173' has been blocked by CORS policy: No 'Access-Control-Allow-Origin' header is present on the requested resource. @ http://localhost:5173/:0
[  694348ms] [ERROR] Failed to load resource: net::ERR_FAILED @ https://worldcup26.ir/get/groups:0
[  724302ms] [ERROR] Access to fetch at 'https://worldcup26.ir/get/groups' from origin 'http://localhost:5173' has been blocked by CORS policy: No 'Access-Control-Allow-Origin' header is present on the requested resource. @ http://localhost:5173/:0
[  724302ms] [ERROR] Failed to load resource: net::ERR_FAILED @ https://worldcup26.ir/get/groups:0
[  754301ms] [ERROR] Access to fetch at 'https://worldcup26.ir/get/groups' from origin 'http://localhost:5173' has been blocked by CORS policy: No 'Access-Control-Allow-Origin' header is present on the requested resource. @ http://localhost:5173/:0
[  754301ms] [ERROR] Failed to load resource: net::ERR_FAILED @ https://worldcup26.ir/get/groups:0
[  784305ms] [ERROR] Access to fetch at 'https://worldcup26.ir/get/groups' from origin 'http://localhost:5173' has been blocked by CORS policy: No 'Access-Control-Allow-Origin' header is present on the requested resource. @ http://localhost:5173/:0
[  784306ms] [ERROR] Failed to load resource: net::ERR_FAILED @ https://worldcup26.ir/get/groups:0
[  814296ms] [ERROR] Access to fetch at 'https://worldcup26.ir/get/groups' from origin 'http://localhost:5173' has been blocked by CORS policy: No 'Access-Control-Allow-Origin' header is present on the requested resource. @ http://localhost:5173/:0
[  814296ms] [ERROR] Failed to load resource: net::ERR_FAILED @ https://worldcup26.ir/get/groups:0
[  844308ms] [ERROR] Access to fetch at 'https://worldcup26.ir/get/groups' from origin 'http://localhost:5173' has been blocked by CORS policy: No 'Access-Control-Allow-Origin' header is present on the requested resource. @ http://localhost:5173/:0
[  844309ms] [ERROR] Failed to load resource: net::ERR_FAILED @ https://worldcup26.ir/get/groups:0
[  874306ms] [ERROR] Access to fetch at 'https://worldcup26.ir/get/groups' from origin 'http://localhost:5173' has been blocked by CORS policy: No 'Access-Control-Allow-Origin' header is present on the requested resource. @ http://localhost:5173/:0
[  874306ms] [ERROR] Failed to load resource: net::ERR_FAILED @ https://worldcup26.ir/get/groups:0
[  904369ms] [ERROR] Access to fetch at 'https://worldcup26.ir/get/groups' from origin 'http://localhost:5173' has been blocked by CORS policy: No 'Access-Control-Allow-Origin' header is present on the requested resource. @ http://localhost:5173/:0
[  904369ms] [ERROR] Failed to load resource: net::ERR_FAILED @ https://worldcup26.ir/get/groups:0
[  934306ms] [ERROR] Access to fetch at 'https://worldcup26.ir/get/groups' from origin 'http://localhost:5173' has been blocked by CORS policy: No 'Access-Control-Allow-Origin' header is present on the requested resource. @ http://localhost:5173/:0
[  934306ms] [ERROR] Failed to load resource: net::ERR_FAILED @ https://worldcup26.ir/get/groups:0
[  964300ms] [ERROR] Access to fetch at 'https://worldcup26.ir/get/groups' from origin 'http://localhost:5173' has been blocked by CORS policy: No 'Access-Control-Allow-Origin' header is present on the requested resource. @ http://localhost:5173/:0
[  964300ms] [ERROR] Failed to load resource: net::ERR_FAILED @ https://worldcup26.ir/get/groups:0
[  994378ms] [ERROR] Access to fetch at 'https://worldcup26.ir/get/groups' from origin 'http://localhost:5173' has been blocked by CORS policy: No 'Access-Control-Allow-Origin' header is present on the requested resource. @ http://localhost:5173/:0
[  994378ms] [ERROR] Failed to load resource: net::ERR_FAILED @ https://worldcup26.ir/get/groups:0
[ 1024302ms] [ERROR] Access to fetch at 'https://worldcup26.ir/get/groups' from origin 'http://localhost:5173' has been blocked by CORS policy: No 'Access-Control-Allow-Origin' header is present on the requested resource. @ http://localhost:5173/:0
[ 1024302ms] [ERROR] Failed to load resource: net::ERR_FAILED @ https://worldcup26.ir/get/groups:0
[ 1054301ms] [ERROR] Access to fetch at 'https://worldcup26.ir/get/groups' from origin 'http://localhost:5173' has been blocked by CORS policy: No 'Access-Control-Allow-Origin' header is present on the requested resource. @ http://localhost:5173/:0
[ 1054302ms] [ERROR] Failed to load resource: net::ERR_FAILED @ https://worldcup26.ir/get/groups:0
[ 1084306ms] [ERROR] Access to fetch at 'https://worldcup26.ir/get/groups' from origin 'http://localhost:5173' has been blocked by CORS policy: No 'Access-Control-Allow-Origin' header is present on the requested resource. @ http://localhost:5173/:0
[ 1084306ms] [ERROR] Failed to load resource: net::ERR_FAILED @ https://worldcup26.ir/get/groups:0
[ 1114300ms] [ERROR] Access to fetch at 'https://worldcup26.ir/get/groups' from origin 'http://localhost:5173' has been blocked by CORS policy: No 'Access-Control-Allow-Origin' header is present on the requested resource. @ http://localhost:5173/:0
[ 1114300ms] [ERROR] Failed to load resource: net::ERR_FAILED @ https://worldcup26.ir/get/groups:0
[ 1144313ms] [ERROR] Access to fetch at 'https://worldcup26.ir/get/groups' from origin 'http://localhost:5173' has been blocked by CORS policy: No 'Access-Control-Allow-Origin' header is present on the requested resource. @ http://localhost:5173/:0
[ 1144314ms] [ERROR] Failed to load resource: net::ERR_FAILED @ https://worldcup26.ir/get/groups:0
[ 1174305ms] [ERROR] Access to fetch at 'https://worldcup26.ir/get/groups' from origin 'http://localhost:5173' has been blocked by CORS policy: No 'Access-Control-Allow-Origin' header is present on the requested resource. @ http://localhost:5173/:0
[ 1174305ms] [ERROR] Failed to load resource: net::ERR_FAILED @ https://worldcup26.ir/get/groups:0
[ 1204303ms] [ERROR] Access to fetch at 'https://worldcup26.ir/get/groups' from origin 'http://localhost:5173' has been blocked by CORS policy: No 'Access-Control-Allow-Origin' header is present on the requested resource. @ http://localhost:5173/:0
[ 1204304ms] [ERROR] Failed to load resource: net::ERR_FAILED @ https://worldcup26.ir/get/groups:0
[ 1234308ms] [ERROR] Access to fetch at 'https://worldcup26.ir/get/groups' from origin 'http://localhost:5173' has been blocked by CORS policy: No 'Access-Control-Allow-Origin' header is present on the requested resource. @ http://localhost:5173/:0
[ 1234309ms] [ERROR] Failed to load resource: net::ERR_FAILED @ https://worldcup26.ir/get/groups:0
[ 1264305ms] [ERROR] Access to fetch at 'https://worldcup26.ir/get/groups' from origin 'http://localhost:5173' has been blocked by CORS policy: No 'Access-Control-Allow-Origin' header is present on the requested resource. @ http://localhost:5173/:0
[ 1264306ms] [ERROR] Failed to load resource: net::ERR_FAILED @ https://worldcup26.ir/get/groups:0
[ 1294295ms] [ERROR] Access to fetch at 'https://worldcup26.ir/get/groups' from origin 'http://localhost:5173' has been blocked by CORS policy: No 'Access-Control-Allow-Origin' header is present on the requested resource. @ http://localhost:5173/:0
[ 1294295ms] [ERROR] Failed to load resource: net::ERR_FAILED @ https://worldcup26.ir/get/groups:0
[ 1324320ms] [ERROR] Access to fetch at 'https://worldcup26.ir/get/groups' from origin 'http://localhost:5173' has been blocked by CORS policy: No 'Access-Control-Allow-Origin' header is present on the requested resource. @ http://localhost:5173/:0
[ 1324320ms] [ERROR] Failed to load resource: net::ERR_FAILED @ https://worldcup26.ir/get/groups:0
[ 1354306ms] [ERROR] Access to fetch at 'https://worldcup26.ir/get/groups' from origin 'http://localhost:5173' has been blocked by CORS policy: No 'Access-Control-Allow-Origin' header is present on the requested resource. @ http://localhost:5173/:0
[ 1354306ms] [ERROR] Failed to load resource: net::ERR_FAILED @ https://worldcup26.ir/get/groups:0
[ 1384300ms] [ERROR] Access to fetch at 'https://worldcup26.ir/get/groups' from origin 'http://localhost:5173' has been blocked by CORS policy: No 'Access-Control-Allow-Origin' header is present on the requested resource. @ http://localhost:5173/:0
[ 1384300ms] [ERROR] Failed to load resource: net::ERR_FAILED @ https://worldcup26.ir/get/groups:0
[ 1414304ms] [ERROR] Access to fetch at 'https://worldcup26.ir/get/groups' from origin 'http://localhost:5173' has been blocked by CORS policy: No 'Access-Control-Allow-Origin' header is present on the requested resource. @ http://localhost:5173/:0
[ 1414304ms] [ERROR] Failed to load resource: net::ERR_FAILED @ https://worldcup26.ir/get/groups:0
[ 1444336ms] [ERROR] Access to fetch at 'https://worldcup26.ir/get/groups' from origin 'http://localhost:5173' has been blocked by CORS policy: No 'Access-Control-Allow-Origin' header is present on the requested resource. @ http://localhost:5173/:0
[ 1444337ms] [ERROR] Failed to load resource: net::ERR_FAILED @ https://worldcup26.ir/get/groups:0
[ 1474344ms] [ERROR] Access to fetch at 'https://worldcup26.ir/get/groups' from origin 'http://localhost:5173' has been blocked by CORS policy: No 'Access-Control-Allow-Origin' header is present on the requested resource. @ http://localhost:5173/:0
[ 1474344ms] [ERROR] Failed to load resource: net::ERR_FAILED @ https://worldcup26.ir/get/groups:0
[ 1504294ms] [ERROR] Access to fetch at 'https://worldcup26.ir/get/groups' from origin 'http://localhost:5173' has been blocked by CORS policy: No 'Access-Control-Allow-Origin' header is present on the requested resource. @ http://localhost:5173/:0
[ 1504294ms] [ERROR] Failed to load resource: net::ERR_FAILED @ https://worldcup26.ir/get/groups:0
[ 1534307ms] [ERROR] Access to fetch at 'https://worldcup26.ir/get/groups' from origin 'http://localhost:5173' has been blocked by CORS policy: No 'Access-Control-Allow-Origin' header is present on the requested resource. @ http://localhost:5173/:0
[ 1534307ms] [ERROR] Failed to load resource: net::ERR_FAILED @ https://worldcup26.ir/get/groups:0
[ 1564351ms] [ERROR] Access to fetch at 'https://worldcup26.ir/get/groups' from origin 'http://localhost:5173' has been blocked by CORS policy: No 'Access-Control-Allow-Origin' header is present on the requested resource. @ http://localhost:5173/:0
[ 1564351ms] [ERROR] Failed to load resource: net::ERR_FAILED @ https://worldcup26.ir/get/groups:0
[ 1594302ms] [ERROR] Access to fetch at 'https://worldcup26.ir/get/groups' from origin 'http://localhost:5173' has been blocked by CORS policy: No 'Access-Control-Allow-Origin' header is present on the requested resource. @ http://localhost:5173/:0
[ 1594302ms] [ERROR] Failed to load resource: net::ERR_FAILED @ https://worldcup26.ir/get/groups:0
[ 1624311ms] [ERROR] Access to fetch at 'https://worldcup26.ir/get/groups' from origin 'http://localhost:5173' has been blocked by CORS policy: No 'Access-Control-Allow-Origin' header is present on the requested resource. @ http://localhost:5173/:0
[ 1624311ms] [ERROR] Failed to load resource: net::ERR_FAILED @ https://worldcup26.ir/get/groups:0
[ 1654297ms] [ERROR] Access to fetch at 'https://worldcup26.ir/get/groups' from origin 'http://localhost:5173' has been blocked by CORS policy: No 'Access-Control-Allow-Origin' header is present on the requested resource. @ http://localhost:5173/:0
[ 1654297ms] [ERROR] Failed to load resource: net::ERR_FAILED @ https://worldcup26.ir/get/groups:0
[ 1684300ms] [ERROR] Access to fetch at 'https://worldcup26.ir/get/groups' from origin 'http://localhost:5173' has been blocked by CORS policy: No 'Access-Control-Allow-Origin' header is present on the requested resource. @ http://localhost:5173/:0
[ 1684300ms] [ERROR] Failed to load resource: net::ERR_FAILED @ https://worldcup26.ir/get/groups:0
[ 1714307ms] [ERROR] Access to fetch at 'https://worldcup26.ir/get/groups' from origin 'http://localhost:5173' has been blocked by CORS policy: No 'Access-Control-Allow-Origin' header is present on the requested resource. @ http://localhost:5173/:0
[ 1714308ms] [ERROR] Failed to load resource: net::ERR_FAILED @ https://worldcup26.ir/get/groups:0
[ 1744293ms] [ERROR] Access to fetch at 'https://worldcup26.ir/get/groups' from origin 'http://localhost:5173' has been blocked by CORS policy: No 'Access-Control-Allow-Origin' header is present on the requested resource. @ http://localhost:5173/:0
[ 1744293ms] [ERROR] Failed to load resource: net::ERR_FAILED @ https://worldcup26.ir/get/groups:0
[ 1774371ms] [ERROR] Access to fetch at 'https://worldcup26.ir/get/groups' from origin 'http://localhost:5173' has been blocked by CORS policy: No 'Access-Control-Allow-Origin' header is present on the requested resource. @ http://localhost:5173/:0
[ 1774371ms] [ERROR] Failed to load resource: net::ERR_FAILED @ https://worldcup26.ir/get/groups:0
[ 1804300ms] [ERROR] Access to fetch at 'https://worldcup26.ir/get/groups' from origin 'http://localhost:5173' has been blocked by CORS policy: No 'Access-Control-Allow-Origin' header is present on the requested resource. @ http://localhost:5173/:0
[ 1804301ms] [ERROR] Failed to load resource: net::ERR_FAILED @ https://worldcup26.ir/get/groups:0
[ 1834297ms] [ERROR] Access to fetch at 'https://worldcup26.ir/get/groups' from origin 'http://localhost:5173' has been blocked by CORS policy: No 'Access-Control-Allow-Origin' header is present on the requested resource. @ http://localhost:5173/:0
[ 1834297ms] [ERROR] Failed to load resource: net::ERR_FAILED @ https://worldcup26.ir/get/groups:0
[ 1864297ms] [ERROR] Access to fetch at 'https://worldcup26.ir/get/groups' from origin 'http://localhost:5173' has been blocked by CORS policy: No 'Access-Control-Allow-Origin' header is present on the requested resource. @ http://localhost:5173/:0
[ 1864297ms] [ERROR] Failed to load resource: net::ERR_FAILED @ https://worldcup26.ir/get/groups:0
[ 1894384ms] [ERROR] Access to fetch at 'https://worldcup26.ir/get/groups' from origin 'http://localhost:5173' has been blocked by CORS policy: No 'Access-Control-Allow-Origin' header is present on the requested resource. @ http://localhost:5173/:0
[ 1894385ms] [ERROR] Failed to load resource: net::ERR_FAILED @ https://worldcup26.ir/get/groups:0
[ 1924300ms] [ERROR] Access to fetch at 'https://worldcup26.ir/get/groups' from origin 'http://localhost:5173' has been blocked by CORS policy: No 'Access-Control-Allow-Origin' header is present on the requested resource. @ http://localhost:5173/:0
[ 1924300ms] [ERROR] Failed to load resource: net::ERR_FAILED @ https://worldcup26.ir/get/groups:0
[ 1954301ms] [ERROR] Access to fetch at 'https://worldcup26.ir/get/groups' from origin 'http://localhost:5173' has been blocked by CORS policy: No 'Access-Control-Allow-Origin' header is present on the requested resource. @ http://localhost:5173/:0
[ 1954301ms] [ERROR] Failed to load resource: net::ERR_FAILED @ https://worldcup26.ir/get/groups:0
[ 1984301ms] [ERROR] Access to fetch at 'https://worldcup26.ir/get/groups' from origin 'http://localhost:5173' has been blocked by CORS policy: No 'Access-Control-Allow-Origin' header is present on the requested resource. @ http://localhost:5173/:0
[ 1984302ms] [ERROR] Failed to load resource: net::ERR_FAILED @ https://worldcup26.ir/get/groups:0
[ 2014304ms] [ERROR] Access to fetch at 'https://worldcup26.ir/get/groups' from origin 'http://localhost:5173' has been blocked by CORS policy: No 'Access-Control-Allow-Origin' header is present on the requested resource. @ http://localhost:5173/:0
[ 2014304ms] [ERROR] Failed to load resource: net::ERR_FAILED @ https://worldcup26.ir/get/groups:0
[ 2044304ms] [ERROR] Access to fetch at 'https://worldcup26.ir/get/groups' from origin 'http://localhost:5173' has been blocked by CORS policy: No 'Access-Control-Allow-Origin' header is present on the requested resource. @ http://localhost:5173/:0
[ 2044304ms] [ERROR] Failed to load resource: net::ERR_FAILED @ https://worldcup26.ir/get/groups:0
[ 2074299ms] [ERROR] Access to fetch at 'https://worldcup26.ir/get/groups' from origin 'http://localhost:5173' has been blocked by CORS policy: No 'Access-Control-Allow-Origin' header is present on the requested resource. @ http://localhost:5173/:0
[ 2074299ms] [ERROR] Failed to load resource: net::ERR_FAILED @ https://worldcup26.ir/get/groups:0
[ 2104300ms] [ERROR] Access to fetch at 'https://worldcup26.ir/get/groups' from origin 'http://localhost:5173' has been blocked by CORS policy: No 'Access-Control-Allow-Origin' header is present on the requested resource. @ http://localhost:5173/:0
[ 2104301ms] [ERROR] Failed to load resource: net::ERR_FAILED @ https://worldcup26.ir/get/groups:0
[ 2134321ms] [ERROR] Access to fetch at 'https://worldcup26.ir/get/groups' from origin 'http://localhost:5173' has been blocked by CORS policy: No 'Access-Control-Allow-Origin' header is present on the requested resource. @ http://localhost:5173/:0
[ 2134321ms] [ERROR] Failed to load resource: net::ERR_FAILED @ https://worldcup26.ir/get/groups:0
[ 2164304ms] [ERROR] Access to fetch at 'https://worldcup26.ir/get/groups' from origin 'http://localhost:5173' has been blocked by CORS policy: No 'Access-Control-Allow-Origin' header is present on the requested resource. @ http://localhost:5173/:0
[ 2164304ms] [ERROR] Failed to load resource: net::ERR_FAILED @ https://worldcup26.ir/get/groups:0
[ 2194305ms] [ERROR] Access to fetch at 'https://worldcup26.ir/get/groups' from origin 'http://localhost:5173' has been blocked by CORS policy: No 'Access-Control-Allow-Origin' header is present on the requested resource. @ http://localhost:5173/:0
[ 2194305ms] [ERROR] Failed to load resource: net::ERR_FAILED @ https://worldcup26.ir/get/groups:0
[ 2224293ms] [ERROR] Access to fetch at 'https://worldcup26.ir/get/groups' from origin 'http://localhost:5173' has been blocked by CORS policy: No 'Access-Control-Allow-Origin' header is present on the requested resource. @ http://localhost:5173/:0
[ 2224294ms] [ERROR] Failed to load resource: net::ERR_FAILED @ https://worldcup26.ir/get/groups:0
[ 2254304ms] [ERROR] Access to fetch at 'https://worldcup26.ir/get/groups' from origin 'http://localhost:5173' has been blocked by CORS policy: No 'Access-Control-Allow-Origin' header is present on the requested resource. @ http://localhost:5173/:0
[ 2254304ms] [ERROR] Failed to load resource: net::ERR_FAILED @ https://worldcup26.ir/get/groups:0
[ 2284296ms] [ERROR] Access to fetch at 'https://worldcup26.ir/get/groups' from origin 'http://localhost:5173' has been blocked by CORS policy: No 'Access-Control-Allow-Origin' header is present on the requested resource. @ http://localhost:5173/:0
[ 2284296ms] [ERROR] Failed to load resource: net::ERR_FAILED @ https://worldcup26.ir/get/groups:0
[ 2314297ms] [ERROR] Access to fetch at 'https://worldcup26.ir/get/groups' from origin 'http://localhost:5173' has been blocked by CORS policy: No 'Access-Control-Allow-Origin' header is present on the requested resource. @ http://localhost:5173/:0
[ 2314297ms] [ERROR] Failed to load resource: net::ERR_FAILED @ https://worldcup26.ir/get/groups:0
[ 2344302ms] [ERROR] Access to fetch at 'https://worldcup26.ir/get/groups' from origin 'http://localhost:5173' has been blocked by CORS policy: No 'Access-Control-Allow-Origin' header is present on the requested resource. @ http://localhost:5173/:0
[ 2344302ms] [ERROR] Failed to load resource: net::ERR_FAILED @ https://worldcup26.ir/get/groups:0
[ 2348966ms] [ERROR] Failed to load resource: the server responded with a status of 500 (Internal Server Error) @ http://localhost:5173/api/health:0
[ 2348966ms] [LOG] App mode: direct @ http://localhost:5173/src/App.tsx?t=1781199881169:58
[ 2349465ms] [ERROR] Access to fetch at 'https://worldcup26.ir/get/teams' from origin 'http://localhost:5173' has been blocked by CORS policy: No 'Access-Control-Allow-Origin' header is present on the requested resource. @ http://localhost:5173/:0
[ 2349465ms] [ERROR] Failed to load resource: net::ERR_FAILED @ https://worldcup26.ir/get/teams:0
[ 2349948ms] [ERROR] Access to fetch at 'https://worldcup26.ir/get/groups' from origin 'http://localhost:5173' has been blocked by CORS policy: No 'Access-Control-Allow-Origin' header is present on the requested resource. @ http://localhost:5173/:0
[ 2349948ms] [ERROR] Failed to load resource: net::ERR_FAILED @ https://worldcup26.ir/get/groups:0
[ 2372157ms] [ERROR] Failed to load resource: the server responded with a status of 500 (Internal Server Error) @ http://localhost:5173/api/health:0
[ 2372157ms] [LOG] App mode: direct @ http://localhost:5173/src/App.tsx?t=1781199904358:58
[ 2372661ms] [ERROR] Access to fetch at 'https://worldcup26.ir/get/teams' from origin 'http://localhost:5173' has been blocked by CORS policy: No 'Access-Control-Allow-Origin' header is present on the requested resource. @ http://localhost:5173/:0
[ 2372661ms] [ERROR] Failed to load resource: net::ERR_FAILED @ https://worldcup26.ir/get/teams:0
[ 2373147ms] [ERROR] Access to fetch at 'https://worldcup26.ir/get/groups' from origin 'http://localhost:5173' has been blocked by CORS policy: No 'Access-Control-Allow-Origin' header is present on the requested resource. @ http://localhost:5173/:0
[ 2373147ms] [ERROR] Failed to load resource: net::ERR_FAILED @ https://worldcup26.ir/get/groups:0
[ 2395909ms] [ERROR] Failed to load resource: the server responded with a status of 500 (Internal Server Error) @ http://localhost:5173/api/health:0
[ 2395909ms] [LOG] App mode: direct @ http://localhost:5173/src/App.tsx?t=1781199928112:58
[ 2396414ms] [ERROR] Access to fetch at 'https://worldcup26.ir/get/teams' from origin 'http://localhost:5173' has been blocked by CORS policy: No 'Access-Control-Allow-Origin' header is present on the requested resource. @ http://localhost:5173/:0
[ 2396414ms] [ERROR] Failed to load resource: net::ERR_FAILED @ https://worldcup26.ir/get/teams:0
[ 2396907ms] [ERROR] Access to fetch at 'https://worldcup26.ir/get/groups' from origin 'http://localhost:5173' has been blocked by CORS policy: No 'Access-Control-Allow-Origin' header is present on the requested resource. @ http://localhost:5173/:0
[ 2396907ms] [ERROR] Failed to load resource: net::ERR_FAILED @ https://worldcup26.ir/get/groups:0
[ 2426390ms] [ERROR] Access to fetch at 'https://worldcup26.ir/get/groups' from origin 'http://localhost:5173' has been blocked by CORS policy: No 'Access-Control-Allow-Origin' header is present on the requested resource. @ http://localhost:5173/:0
[ 2426390ms] [ERROR] Failed to load resource: net::ERR_FAILED @ https://worldcup26.ir/get/groups:0
[ 2456397ms] [ERROR] Access to fetch at 'https://worldcup26.ir/get/groups' from origin 'http://localhost:5173' has been blocked by CORS policy: No 'Access-Control-Allow-Origin' header is present on the requested resource. @ http://localhost:5173/:0
[ 2456397ms] [ERROR] Failed to load resource: net::ERR_FAILED @ https://worldcup26.ir/get/groups:0
[ 2486392ms] [ERROR] Access to fetch at 'https://worldcup26.ir/get/groups' from origin 'http://localhost:5173' has been blocked by CORS policy: No 'Access-Control-Allow-Origin' header is present on the requested resource. @ http://localhost:5173/:0
[ 2486392ms] [ERROR] Failed to load resource: net::ERR_FAILED @ https://worldcup26.ir/get/groups:0
[ 2516479ms] [ERROR] Access to fetch at 'https://worldcup26.ir/get/groups' from origin 'http://localhost:5173' has been blocked by CORS policy: No 'Access-Control-Allow-Origin' header is present on the requested resource. @ http://localhost:5173/:0
[ 2516479ms] [ERROR] Failed to load resource: net::ERR_FAILED @ https://worldcup26.ir/get/groups:0
[ 2546391ms] [ERROR] Access to fetch at 'https://worldcup26.ir/get/groups' from origin 'http://localhost:5173' has been blocked by CORS policy: No 'Access-Control-Allow-Origin' header is present on the requested resource. @ http://localhost:5173/:0
[ 2546391ms] [ERROR] Failed to load resource: net::ERR_FAILED @ https://worldcup26.ir/get/groups:0
[ 2576394ms] [ERROR] Access to fetch at 'https://worldcup26.ir/get/groups' from origin 'http://localhost:5173' has been blocked by CORS policy: No 'Access-Control-Allow-Origin' header is present on the requested resource. @ http://localhost:5173/:0
[ 2576394ms] [ERROR] Failed to load resource: net::ERR_FAILED @ https://worldcup26.ir/get/groups:0
[ 2606390ms] [ERROR] Access to fetch at 'https://worldcup26.ir/get/groups' from origin 'http://localhost:5173' has been blocked by CORS policy: No 'Access-Control-Allow-Origin' header is present on the requested resource. @ http://localhost:5173/:0
[ 2606390ms] [ERROR] Failed to load resource: net::ERR_FAILED @ https://worldcup26.ir/get/groups:0
[ 2636389ms] [ERROR] Access to fetch at 'https://worldcup26.ir/get/groups' from origin 'http://localhost:5173' has been blocked by CORS policy: No 'Access-Control-Allow-Origin' header is present on the requested resource. @ http://localhost:5173/:0
[ 2636389ms] [ERROR] Failed to load resource: net::ERR_FAILED @ https://worldcup26.ir/get/groups:0
[ 2666422ms] [ERROR] Access to fetch at 'https://worldcup26.ir/get/groups' from origin 'http://localhost:5173' has been blocked by CORS policy: No 'Access-Control-Allow-Origin' header is present on the requested resource. @ http://localhost:5173/:0
[ 2666422ms] [ERROR] Failed to load resource: net::ERR_FAILED @ https://worldcup26.ir/get/groups:0
[ 2696386ms] [ERROR] Access to fetch at 'https://worldcup26.ir/get/groups' from origin 'http://localhost:5173' has been blocked by CORS policy: No 'Access-Control-Allow-Origin' header is present on the requested resource. @ http://localhost:5173/:0
[ 2696386ms] [ERROR] Failed to load resource: net::ERR_FAILED @ https://worldcup26.ir/get/groups:0
